<?xml version="1.0" encoding="UTF-8"?>
<!-- Generated by org.testng.reporters.JUnitReportReporter -->
<testsuite hostname="DESKTOP-KJNF2QE" failures="0" tests="4" name="rise.automation.testsute.LoginTest" time="6.618" errors="0" timestamp="2023-10-23T22:00:55 ICT" skipped="0">
  <testcase classname="rise.automation.testsute.LoginTest" name="login_IncorrectEmail" time="1.458"/>
  <system-out/>
  <testcase classname="rise.automation.testsute.LoginTest" name="login_IncorrectPassword" time="1.432"/>
  <system-out/>
  <testcase classname="rise.automation.testsute.LoginTest" name="login_IncorrectEmailPassword" time="1.258"/>
  <system-out/>
  <testcase classname="rise.automation.testsute.LoginTest" name="loginSuccess" time="2.470"/>
  <system-out/>
</testsuite> <!-- rise.automation.testsute.LoginTest -->
