<?xml version="1.0" encoding="UTF-8"?>
<!-- Generated by org.testng.reporters.JUnitReportReporter -->
<testsuite hostname="DESKTOP-KJNF2QE" failures="0" tests="1" name="rise.automation.testsute.LogoutTest" time="1.794" errors="0" timestamp="2023-10-23T22:02:45 ICT" skipped="0">
  <testcase classname="rise.automation.testsute.LogoutTest" name="logOut" time="1.794"/>
  <system-out/>
</testsuite> <!-- rise.automation.testsute.LogoutTest -->
