<?xml version="1.0" encoding="UTF-8"?>
<!-- Generated by org.testng.reporters.JUnitReportReporter -->
<testsuite hostname="DESKTOP-KJNF2QE" failures="0" tests="1" name="rise.automation.testsute.ProjectsTestAdd" time="4.686" errors="0" timestamp="2023-10-24T00:16:50 ICT" skipped="0">
  <testcase classname="rise.automation.testsute.ProjectsTestAdd" name="loginSuccessfully" time="4.686"/>
  <system-out/>
</testsuite> <!-- rise.automation.testsute.ProjectsTestAdd -->
